<?xml version="1.0" encoding="UTF-8"?>
<robot generator="Robot 3.1.2 (Python 3.7.3 on win32)" generated="20200922 21:30:46.072" rpa="false">
<suite id="s1" name="ScreenerHomePage" source="C:\Users\iampr\Documents\RobotFramework1\Test Cases\ScreenerHomePage.robot">
<test id="s1-t1" name="TC001">
<kw name="Open Browser" library="SeleniumLibrary">
<doc>Opens a new browser instance to the given ``url``.</doc>
<arguments>
<arg>${URL}</arg>
<arg>${Browser}</arg>
</arguments>
<msg timestamp="20200922 21:30:46.400" level="INFO">Opening browser 'Chrome' to base url 'https://www.screener.in/'.</msg>
<status status="PASS" starttime="20200922 21:30:46.400" endtime="20200922 21:30:51.734"></status>
</kw>
<kw name="Maximize Browser Window" library="SeleniumLibrary">
<doc>Maximizes current browser window.</doc>
<status status="PASS" starttime="20200922 21:30:51.734" endtime="20200922 21:30:53.892"></status>
</kw>
<kw name="Get Data From JSON">
<arguments>
<arg>HomePage.searchbox</arg>
</arguments>
<assign>
<var>${search_box}</var>
</assign>
<kw name="Read Loactor From Json" library="Locators">
<arguments>
<arg>${locator_jsonpath}</arg>
</arguments>
<assign>
<var>${result}</var>
</assign>
<msg timestamp="20200922 21:30:53.897" level="INFO">${result} = xpath://input[@aria-label='Search Company']</msg>
<status status="PASS" starttime="20200922 21:30:53.897" endtime="20200922 21:30:53.897"></status>
</kw>
<kw name="Log To Console" library="BuiltIn">
<doc>Logs the given message to the console.</doc>
<arguments>
<arg>${</arg>
</arguments>
<status status="PASS" starttime="20200922 21:30:53.897" endtime="20200922 21:30:53.897"></status>
</kw>
<msg timestamp="20200922 21:30:53.897" level="INFO">${search_box} = xpath://input[@aria-label='Search Company']</msg>
<status status="PASS" starttime="20200922 21:30:53.896" endtime="20200922 21:30:53.897"></status>
</kw>
<kw name="Input Text" library="SeleniumLibrary">
<doc>Types the given ``text`` into the text field identified by ``locator``.</doc>
<arguments>
<arg>${search_box}</arg>
<arg>Infosys</arg>
</arguments>
<msg timestamp="20200922 21:30:53.897" level="INFO">Typing text 'Infosys' into text field 'xpath://input[@aria-label='Search Company']'.</msg>
<status status="PASS" starttime="20200922 21:30:53.897" endtime="20200922 21:30:54.058"></status>
</kw>
<kw name="Sleep" library="BuiltIn">
<doc>Pauses the test executed for the given time.</doc>
<arguments>
<arg>2</arg>
</arguments>
<msg timestamp="20200922 21:30:56.059" level="INFO">Slept 2 seconds</msg>
<status status="PASS" starttime="20200922 21:30:54.058" endtime="20200922 21:30:56.059"></status>
</kw>
<kw name="Press Keys" library="SeleniumLibrary">
<doc>Simulates the user pressing key(s) to an element or on the active browser.</doc>
<arguments>
<arg>None</arg>
<arg>RETURN</arg>
</arguments>
<msg timestamp="20200922 21:30:56.059" level="INFO">Sending key(s) ('RETURN',) to page.</msg>
<msg timestamp="20200922 21:30:56.059" level="INFO">Pressing special key RETURN to browser.</msg>
<status status="PASS" starttime="20200922 21:30:56.059" endtime="20200922 21:30:57.378"></status>
</kw>
<status status="PASS" starttime="20200922 21:30:46.400" endtime="20200922 21:30:57.378" critical="yes"></status>
</test>
<doc>Suite description</doc>
<status status="PASS" starttime="20200922 21:30:46.080" endtime="20200922 21:30:57.386"></status>
</suite>
<statistics>
<total>
<stat pass="1" fail="0">Critical Tests</stat>
<stat pass="1" fail="0">All Tests</stat>
</total>
<tag>
</tag>
<suite>
<stat pass="1" fail="0" id="s1" name="ScreenerHomePage">ScreenerHomePage</stat>
</suite>
</statistics>
<errors>
</errors>
</robot>
